<?xml version="1.0" encoding="UTF-8"?>
<testsuite name="Day7Test" tests="1" skipped="0" failures="0" errors="0" timestamp="2021-02-02T12:13:04" hostname="SE-PF1LCW7W" time="0.004">
  <properties/>
  <testcase name="Testar att vi fÃ¥r ut exempel output" classname="Day7Test" time="0.004"/>
  <system-out><![CDATA[]]></system-out>
  <system-err><![CDATA[]]></system-err>
</testsuite>
